src/cio_facts.c 6: CIOBase facts check started
src/cio_facts.c 6: CIOBase facts check ended
src/cio_facts.c 22: CIOArrayU8Fixed facts check started
src/cio_facts.c 22: CIOArrayU8Fixed facts check ended
src/cio_facts.c 39: CIOArrayU16Dynamic facts check started
src/cio_facts.c 39: CIOArrayU16Dynamic facts check ended
src/cio_facts.c 55: CIOUTF8In facts check started
src/cio_facts.c 55: CIOUTF8In facts check ended
src/cio_facts.c 89: CIOUTF8Out facts check started
src/cio_facts.c 89: CIOUTF8Out facts check ended
src/cio_facts.c 121: CIOUTF8Close facts check started
src/cio_facts.c 121: CIOUTF8Close facts check ended
src/cio_facts.c 148: CIOFILEIn facts check started
src/cio_facts.c 148: CIOFILEIn facts check ended
src/cio_facts.c 163: CIOFILEOut facts check started
src/cio_facts.c 163: CIOFILEOut facts check ended
src/cio_facts.c 178: CIOArrayU8Read facts check started
src/cio_facts.c 178: CIOArrayU8Read facts check ended
src/cio_facts.c 196: CIOArrayU32RoundTrip facts check started
src/cio_facts.c 196: CIOArrayU32RoundTrip facts check ended
src/cio_facts.c 213: CIOErrorPaths facts check started
src/cio_facts.c 213: CIOErrorPaths facts check ended
facts summary.
facts check CIOBase [1;32mpassed[0m
facts check CIOArrayU8Fixed [1;32mpassed[0m
facts check CIOArrayU16Dynamic [1;32mpassed[0m
facts check CIOUTF8In [1;32mpassed[0m
facts check CIOUTF8Out [1;32mpassed[0m
facts check CIOUTF8Close [1;32mpassed[0m
facts check CIOFILEIn [1;32mpassed[0m
facts check CIOFILEOut [1;32mpassed[0m
facts check CIOArrayU8Read [1;32mpassed[0m
facts check CIOArrayU32RoundTrip [1;32mpassed[0m
facts check CIOErrorPaths [1;32mpassed[0m
2495 (100.0%) truths and 0 (0.0%) fictions checked.
